# JRE version: OpenJDK Runtime Environment Temurin-21.0.9+10 (21.0.9+10) (build 21.0.9+10-LTS)
# Java VM: OpenJDK 64-Bit Server VM Temurin-21.0.9+10 (21.0.9+10-LTS, mixed mode, sharing, tiered, compressed oops, compressed class ptrs, parallel gc, windows-amd64)
GC Precious Log:
 CardTable entry size: 512
 CPUs: 8 total, 8 available
 Memory: 7412M
 Large Page Support: Disabled
 NUMA Support: Disabled
 Compressed Oops: Enabled (32-bit)
 Alignments: Space 512K, Generation 512K, Heap 2M
 Heap Min Capacity: 100M
 Heap Initial Capacity: 100M
 Heap Max Capacity: 2G
 Pre-touch: Disabled
 Parallel Workers: 8
Heap:
 PSYoungGen      total 18432K, used 15208K [0x00000000d5580000, 0x00000000d6900000, 0x0000000100000000)
  eden space 17920K, 82% used [0x00000000d5580000,0x00000000d63e2110,0x00000000d6700000)
  from space 512K, 93% used [0x00000000d6880000,0x00000000d68f8000,0x00000000d6900000)
  to   space 1024K, 0% used [0x00000000d6700000,0x00000000d6700000,0x00000000d6800000)
 ParOldGen       total 109056K, used 108912K [0x0000000080000000, 0x0000000086a80000, 0x00000000d5580000)
  object space 109056K, 99% used [0x0000000080000000,0x0000000086a5c360,0x0000000086a80000)
 Metaspace       used 78954K, committed 80704K, reserved 1179648K
  class space    used 9067K, committed 9792K, reserved 1048576K
GC Heap History (20 events):
Event: 261.171 GC heap before
{Heap before GC invocations=140 (full 3):
 PSYoungGen      total 18432K, used 18340K [0x00000000d5580000, 0x00000000d6980000, 0x0000000100000000)
  eden space 17920K, 100% used [0x00000000d5580000,0x00000000d6700000,0x00000000d6700000)
  from space 512K, 82% used [0x00000000d6900000,0x00000000d6969260,0x00000000d6980000)
  to   space 512K, 0% used [0x00000000d6880000,0x00000000d6880000,0x00000000d6900000)
 ParOldGen       total 103424K, used 103301K [0x0000000080000000, 0x0000000086500000, 0x00000000d5580000)
  object space 103424K, 99% used [0x0000000080000000,0x00000000864e16b0,0x0000000086500000)
 Metaspace       used 73426K, committed 75008K, reserved 1179648K
  class space    used 8400K, committed 9088K, reserved 1048576K
}
Event: 261.172 GC heap after
{Heap after GC invocations=140 (full 3):
 PSYoungGen      total 18432K, used 308K [0x00000000d5580000, 0x00000000d6980000, 0x0000000100000000)
  eden space 17920K, 0% used [0x00000000d5580000,0x00000000d5580000,0x00000000d6700000)
  from space 512K, 60% used [0x00000000d6880000,0x00000000d68cd200,0x00000000d6900000)
  to   space 512K, 0% used [0x00000000d6900000,0x00000000d6900000,0x00000000d6980000)
 ParOldGen       total 103424K, used 103376K [0x0000000080000000, 0x0000000086500000, 0x00000000d5580000)
  object space 103424K, 99% used [0x0000000080000000,0x00000000864f4000,0x0000000086500000)
 Metaspace       used 73426K, committed 75008K, reserved 1179648K
  class space    used 8400K, committed 9088K, reserved 1048576K
}
Event: 261.230 GC heap before
{Heap before GC invocations=141 (full 3):
 PSYoungGen      total 18432K, used 18228K [0x00000000d5580000, 0x00000000d6980000, 0x0000000100000000)
  eden space 17920K, 100% used [0x00000000d5580000,0x00000000d6700000,0x00000000d6700000)
  from space 512K, 60% used [0x00000000d6880000,0x00000000d68cd200,0x00000000d6900000)
  to   space 512K, 0% used [0x00000000d6900000,0x00000000d6900000,0x00000000d6980000)
 ParOldGen       total 103424K, used 103376K [0x0000000080000000, 0x0000000086500000, 0x00000000d5580000)
  object space 103424K, 99% used [0x0000000080000000,0x00000000864f4000,0x0000000086500000)
 Metaspace       used 73428K, committed 75008K, reserved 1179648K
  class space    used 8400K, committed 9088K, reserved 1048576K
}
Event: 261.232 GC heap after
{Heap after GC invocations=141 (full 3):
 PSYoungGen      total 18432K, used 410K [0x00000000d5580000, 0x00000000d6980000, 0x0000000100000000)
  eden space 17920K, 0% used [0x00000000d5580000,0x00000000d5580000,0x00000000d6700000)
  from space 512K, 80% used [0x00000000d6900000,0x00000000d6966900,0x00000000d6980000)
  to   space 512K, 0% used [0x00000000d6880000,0x00000000d6880000,0x00000000d6900000)
 ParOldGen       total 103424K, used 103416K [0x0000000080000000, 0x0000000086500000, 0x00000000d5580000)
  object space 103424K, 99% used [0x0000000080000000,0x00000000864fe000,0x0000000086500000)
 Metaspace       used 73428K, committed 75008K, reserved 1179648K
  class space    used 8400K, committed 9088K, reserved 1048576K
}
Event: 261.294 GC heap before
{Heap before GC invocations=142 (full 3):
 PSYoungGen      total 18432K, used 17007K [0x00000000d5580000, 0x00000000d6980000, 0x0000000100000000)
  eden space 17920K, 92% used [0x00000000d5580000,0x00000000d65b5588,0x00000000d6700000)
  from space 512K, 80% used [0x00000000d6900000,0x00000000d6966900,0x00000000d6980000)
  to   space 512K, 0% used [0x00000000d6880000,0x00000000d6880000,0x00000000d6900000)
 ParOldGen       total 103424K, used 103416K [0x0000000080000000, 0x0000000086500000, 0x00000000d5580000)
  object space 103424K, 99% used [0x0000000080000000,0x00000000864fe000,0x0000000086500000)
 Metaspace       used 73442K, committed 75072K, reserved 1179648K
  class space    used 8400K, committed 9088K, reserved 1048576K
}
Event: 261.295 GC heap after
{Heap after GC invocations=142 (full 3):
 PSYoungGen      total 18432K, used 192K [0x00000000d5580000, 0x00000000d6980000, 0x0000000100000000)
  eden space 17920K, 0% used [0x00000000d5580000,0x00000000d5580000,0x00000000d6700000)
  from space 512K, 37% used [0x00000000d6880000,0x00000000d68b0000,0x00000000d6900000)
  to   space 512K, 0% used [0x00000000d6900000,0x00000000d6900000,0x00000000d6980000)
 ParOldGen       total 103936K, used 103448K [0x0000000080000000, 0x0000000086580000, 0x00000000d5580000)
  object space 103936K, 99% used [0x0000000080000000,0x0000000086506000,0x0000000086580000)
 Metaspace       used 73442K, committed 75072K, reserved 1179648K
  class space    used 8400K, committed 9088K, reserved 1048576K
}
Event: 265.478 GC heap before
{Heap before GC invocations=143 (full 3):
 PSYoungGen      total 18432K, used 18112K [0x00000000d5580000, 0x00000000d6980000, 0x0000000100000000)
  eden space 17920K, 100% used [0x00000000d5580000,0x00000000d6700000,0x00000000d6700000)
  from space 512K, 37% used [0x00000000d6880000,0x00000000d68b0000,0x00000000d6900000)
  to   space 512K, 0% used [0x00000000d6900000,0x00000000d6900000,0x00000000d6980000)
 ParOldGen       total 103936K, used 103448K [0x0000000080000000, 0x0000000086580000, 0x00000000d5580000)
  object space 103936K, 99% used [0x0000000080000000,0x0000000086506000,0x0000000086580000)
 Metaspace       used 73478K, committed 75136K, reserved 1179648K
  class space    used 8400K, committed 9088K, reserved 1048576K
}
Event: 265.480 GC heap after
{Heap after GC invocations=143 (full 3):
 PSYoungGen      total 18432K, used 336K [0x00000000d5580000, 0x00000000d6980000, 0x0000000100000000)
  eden space 17920K, 0% used [0x00000000d5580000,0x00000000d5580000,0x00000000d6700000)
  from space 512K, 65% used [0x00000000d6900000,0x00000000d6954030,0x00000000d6980000)
  to   space 512K, 0% used [0x00000000d6880000,0x00000000d6880000,0x00000000d6900000)
 ParOldGen       total 103936K, used 103504K [0x0000000080000000, 0x0000000086580000, 0x00000000d5580000)
  object space 103936K, 99% used [0x0000000080000000,0x0000000086514000,0x0000000086580000)
 Metaspace       used 73478K, committed 75136K, reserved 1179648K
  class space    used 8400K, committed 9088K, reserved 1048576K
}
Event: 266.581 GC heap before
{Heap before GC invocations=144 (full 3):
 PSYoungGen      total 18432K, used 18256K [0x00000000d5580000, 0x00000000d6980000, 0x0000000100000000)
  eden space 17920K, 100% used [0x00000000d5580000,0x00000000d6700000,0x00000000d6700000)
  from space 512K, 65% used [0x00000000d6900000,0x00000000d6954030,0x00000000d6980000)
  to   space 512K, 0% used [0x00000000d6880000,0x00000000d6880000,0x00000000d6900000)
 ParOldGen       total 103936K, used 103504K [0x0000000080000000, 0x0000000086580000, 0x00000000d5580000)
  object space 103936K, 99% used [0x0000000080000000,0x0000000086514000,0x0000000086580000)
 Metaspace       used 73649K, committed 75328K, reserved 1179648K
  class space    used 8412K, committed 9152K, reserved 1048576K
}
Event: 266.585 GC heap after
{Heap after GC invocations=144 (full 3):
 PSYoungGen      total 18432K, used 512K [0x00000000d5580000, 0x00000000d6d00000, 0x0000000100000000)
  eden space 17920K, 0% used [0x00000000d5580000,0x00000000d5580000,0x00000000d6700000)
  from space 512K, 100% used [0x00000000d6880000,0x00000000d6900000,0x00000000d6900000)
  to   space 3072K, 0% used [0x00000000d6a00000,0x00000000d6a00000,0x00000000d6d00000)
 ParOldGen       total 105472K, used 105243K [0x0000000080000000, 0x0000000086700000, 0x00000000d5580000)
  object space 105472K, 99% used [0x0000000080000000,0x00000000866c6de0,0x0000000086700000)
 Metaspace       used 73649K, committed 75328K, reserved 1179648K
  class space    used 8412K, committed 9152K, reserved 1048576K
}
Event: 266.970 GC heap before
{Heap before GC invocations=145 (full 3):
 PSYoungGen      total 18432K, used 18425K [0x00000000d5580000, 0x00000000d6d00000, 0x0000000100000000)
  eden space 17920K, 99% used [0x00000000d5580000,0x00000000d66fe668,0x00000000d6700000)
  from space 512K, 100% used [0x00000000d6880000,0x00000000d6900000,0x00000000d6900000)
  to   space 3072K, 0% used [0x00000000d6a00000,0x00000000d6a00000,0x00000000d6d00000)
 ParOldGen       total 105472K, used 105243K [0x0000000080000000, 0x0000000086700000, 0x00000000d5580000)
  object space 105472K, 99% used [0x0000000080000000,0x00000000866c6de0,0x0000000086700000)
 Metaspace       used 74612K, committed 76224K, reserved 1179648K
  class space    used 8531K, committed 9216K, reserved 1048576K
}
Event: 266.979 GC heap after
{Heap after GC invocations=145 (full 3):
 PSYoungGen      total 20480K, used 2163K [0x00000000d5580000, 0x00000000d6c80000, 0x0000000100000000)
  eden space 17920K, 0% used [0x00000000d5580000,0x00000000d5580000,0x00000000d6700000)
  from space 2560K, 84% used [0x00000000d6a00000,0x00000000d6c1ce50,0x00000000d6c80000)
  to   space 2560K, 0% used [0x00000000d6780000,0x00000000d6780000,0x00000000d6a00000)
 ParOldGen       total 105984K, used 105740K [0x0000000080000000, 0x0000000086780000, 0x00000000d5580000)
  object space 105984K, 99% used [0x0000000080000000,0x0000000086743378,0x0000000086780000)
 Metaspace       used 74612K, committed 76224K, reserved 1179648K
  class space    used 8531K, committed 9216K, reserved 1048576K
}
Event: 268.343 GC heap before
{Heap before GC invocations=146 (full 3):
 PSYoungGen      total 20480K, used 20083K [0x00000000d5580000, 0x00000000d6c80000, 0x0000000100000000)
  eden space 17920K, 100% used [0x00000000d5580000,0x00000000d6700000,0x00000000d6700000)
  from space 2560K, 84% used [0x00000000d6a00000,0x00000000d6c1ce50,0x00000000d6c80000)
  to   space 2560K, 0% used [0x00000000d6780000,0x00000000d6780000,0x00000000d6a00000)
 ParOldGen       total 105984K, used 105740K [0x0000000080000000, 0x0000000086780000, 0x00000000d5580000)
  object space 105984K, 99% used [0x0000000080000000,0x0000000086743378,0x0000000086780000)
 Metaspace       used 75232K, committed 76928K, reserved 1179648K
  class space    used 8584K, committed 9344K, reserved 1048576K
}
Event: 268.346 GC heap after
{Heap after GC invocations=146 (full 3):
 PSYoungGen      total 18944K, used 820K [0x00000000d5580000, 0x00000000d6a80000, 0x0000000100000000)
  eden space 17920K, 0% used [0x00000000d5580000,0x00000000d5580000,0x00000000d6700000)
  from space 1024K, 80% used [0x00000000d6780000,0x00000000d684d200,0x00000000d6880000)
  to   space 1536K, 0% used [0x00000000d6900000,0x00000000d6900000,0x00000000d6a80000)
 ParOldGen       total 108032K, used 107693K [0x0000000080000000, 0x0000000086980000, 0x00000000d5580000)
  object space 108032K, 99% used [0x0000000080000000,0x000000008692b730,0x0000000086980000)
 Metaspace       used 75232K, committed 76928K, reserved 1179648K
  class space    used 8584K, committed 9344K, reserved 1048576K
}
Event: 281.285 GC heap before
{Heap before GC invocations=147 (full 3):
 PSYoungGen      total 18944K, used 18740K [0x00000000d5580000, 0x00000000d6a80000, 0x0000000100000000)
  eden space 17920K, 100% used [0x00000000d5580000,0x00000000d6700000,0x00000000d6700000)
  from space 1024K, 80% used [0x00000000d6780000,0x00000000d684d200,0x00000000d6880000)
  to   space 1536K, 0% used [0x00000000d6900000,0x00000000d6900000,0x00000000d6a80000)
 ParOldGen       total 108032K, used 107693K [0x0000000080000000, 0x0000000086980000, 0x00000000d5580000)
  object space 108032K, 99% used [0x0000000080000000,0x000000008692b730,0x0000000086980000)
 Metaspace       used 75331K, committed 76992K, reserved 1179648K
  class space    used 8587K, committed 9344K, reserved 1048576K
}
Event: 281.287 GC heap after
{Heap after GC invocations=147 (full 3):
 PSYoungGen      total 18944K, used 937K [0x00000000d5580000, 0x00000000d6a00000, 0x0000000100000000)
  eden space 17920K, 0% used [0x00000000d5580000,0x00000000d5580000,0x00000000d6700000)
  from space 1024K, 91% used [0x00000000d6900000,0x00000000d69ea420,0x00000000d6a00000)
  to   space 1024K, 0% used [0x00000000d6780000,0x00000000d6780000,0x00000000d6880000)
 ParOldGen       total 108032K, used 107837K [0x0000000080000000, 0x0000000086980000, 0x00000000d5580000)
  object space 108032K, 99% used [0x0000000080000000,0x000000008694f648,0x0000000086980000)
 Metaspace       used 75331K, committed 76992K, reserved 1179648K
  class space    used 8587K, committed 9344K, reserved 1048576K
}
Event: 286.517 GC heap before
{Heap before GC invocations=148 (full 3):
 PSYoungGen      total 18944K, used 18802K [0x00000000d5580000, 0x00000000d6a00000, 0x0000000100000000)
  eden space 17920K, 99% used [0x00000000d5580000,0x00000000d66f2538,0x00000000d6700000)
  from space 1024K, 91% used [0x00000000d6900000,0x00000000d69ea420,0x00000000d6a00000)
  to   space 1024K, 0% used [0x00000000d6780000,0x00000000d6780000,0x00000000d6880000)
 ParOldGen       total 108032K, used 107837K [0x0000000080000000, 0x0000000086980000, 0x00000000d5580000)
  object space 108032K, 99% used [0x0000000080000000,0x000000008694f648,0x0000000086980000)
 Metaspace       used 76876K, committed 78528K, reserved 1179648K
  class space    used 8775K, committed 9472K, reserved 1048576K
}
Event: 286.519 GC heap after
{Heap after GC invocations=148 (full 3):
 PSYoungGen      total 18944K, used 879K [0x00000000d5580000, 0x00000000d6980000, 0x0000000100000000)
  eden space 17920K, 0% used [0x00000000d5580000,0x00000000d5580000,0x00000000d6700000)
  from space 1024K, 85% used [0x00000000d6780000,0x00000000d685be18,0x00000000d6880000)
  to   space 1024K, 0% used [0x00000000d6880000,0x00000000d6880000,0x00000000d6980000)
 ParOldGen       total 109056K, used 108569K [0x0000000080000000, 0x0000000086a80000, 0x00000000d5580000)
  object space 109056K, 99% used [0x0000000080000000,0x0000000086a06790,0x0000000086a80000)
 Metaspace       used 76876K, committed 78528K, reserved 1179648K
  class space    used 8775K, committed 9472K, reserved 1048576K
}
Event: 1491.550 GC heap before
{Heap before GC invocations=149 (full 3):
 PSYoungGen      total 18944K, used 18799K [0x00000000d5580000, 0x00000000d6980000, 0x0000000100000000)
  eden space 17920K, 100% used [0x00000000d5580000,0x00000000d6700000,0x00000000d6700000)
  from space 1024K, 85% used [0x00000000d6780000,0x00000000d685be18,0x00000000d6880000)
  to   space 1024K, 0% used [0x00000000d6880000,0x00000000d6880000,0x00000000d6980000)
 ParOldGen       total 109056K, used 108569K [0x0000000080000000, 0x0000000086a80000, 0x00000000d5580000)
  object space 109056K, 99% used [0x0000000080000000,0x0000000086a06790,0x0000000086a80000)
 Metaspace       used 78884K, committed 80576K, reserved 1179648K
  class space    used 9063K, committed 9792K, reserved 1048576K
}
Event: 1491.638 GC heap after
{Heap after GC invocations=149 (full 3):
 PSYoungGen      total 18432K, used 480K [0x00000000d5580000, 0x00000000d6900000, 0x0000000100000000)
  eden space 17920K, 0% used [0x00000000d5580000,0x00000000d5580000,0x00000000d6700000)
  from space 512K, 93% used [0x00000000d6880000,0x00000000d68f8000,0x00000000d6900000)
  to   space 1024K, 0% used [0x00000000d6700000,0x00000000d6700000,0x00000000d6800000)
 ParOldGen       total 109056K, used 108912K [0x0000000080000000, 0x0000000086a80000, 0x00000000d5580000)
  object space 109056K, 99% used [0x0000000080000000,0x0000000086a5c360,0x0000000086a80000)
 Metaspace       used 78884K, committed 80576K, reserved 1179648K
  class space    used 9063K, committed 9792K, reserved 1048576K
}

